<?xml version="1.0" encoding="UTF-8"?>
<testng-results skipped="0" failed="1" ignored="0" total="1" passed="0">
  <reporter-output>
  </reporter-output>
  <suite name="Default suite" duration-ms="7240" started-at="2020-05-05T10:30:16Z" finished-at="2020-05-05T10:30:23Z">
    <groups>
    </groups>
    <test name="Default test" duration-ms="7240" started-at="2020-05-05T10:30:16Z" finished-at="2020-05-05T10:30:23Z">
      <class name="org.domain.DomainMainclass">
        <test-method status="PASS" signature="browser()[pri:0, instance:org.domain.DomainMainclass@17cd7a0]" name="browser" is-config="true" duration-ms="6040" started-at="2020-05-05T10:30:16Z" finished-at="2020-05-05T10:30:22Z">
          <reporter-output>
          </reporter-output>
        </test-method> <!-- browser -->
        <test-method status="PASS" signature="startTime()[pri:0, instance:org.domain.DomainMainclass@17cd7a0]" name="startTime" is-config="true" duration-ms="15" started-at="2020-05-05T10:30:22Z" finished-at="2020-05-05T10:30:22Z">
          <reporter-output>
          </reporter-output>
        </test-method> <!-- startTime -->
        <test-method status="FAIL" signature="product()[pri:0, instance:org.domain.DomainMainclass@17cd7a0]" name="product" duration-ms="47" started-at="2020-05-05T10:30:22Z" finished-at="2020-05-05T10:30:22Z">
          <exception class="java.lang.NullPointerException">
            <full-stacktrace>
              <![CDATA[java.lang.NullPointerException
at org.domain.DomainBaseclass.loadUrl(DomainBaseclass.java:34)
at org.domain.DomainMainclass.product(DomainMainclass.java:40)
at sun.reflect.NativeMethodAccessorImpl.invoke0(Native Method)
at sun.reflect.NativeMethodAccessorImpl.invoke(Unknown Source)
at sun.reflect.DelegatingMethodAccessorImpl.invoke(Unknown Source)
at java.lang.reflect.Method.invoke(Unknown Source)
at org.testng.internal.MethodInvocationHelper.invokeMethod(MethodInvocationHelper.java:124)
at org.testng.internal.Invoker.invokeMethod(Invoker.java:583)
at org.testng.internal.Invoker.invokeTestMethod(Invoker.java:719)
at org.testng.internal.Invoker.invokeTestMethods(Invoker.java:989)
at org.testng.internal.TestMethodWorker.invokeTestMethods(TestMethodWorker.java:125)
at org.testng.internal.TestMethodWorker.run(TestMethodWorker.java:109)
at org.testng.TestRunner.privateRun(TestRunner.java:648)
at org.testng.TestRunner.run(TestRunner.java:505)
at org.testng.SuiteRunner.runTest(SuiteRunner.java:455)
at org.testng.SuiteRunner.runSequentially(SuiteRunner.java:450)
at org.testng.SuiteRunner.privateRun(SuiteRunner.java:415)
at org.testng.SuiteRunner.run(SuiteRunner.java:364)
at org.testng.SuiteRunnerWorker.runSuite(SuiteRunnerWorker.java:52)
at org.testng.SuiteRunnerWorker.run(SuiteRunnerWorker.java:84)
at org.testng.TestNG.runSuitesSequentially(TestNG.java:1208)
at org.testng.TestNG.runSuitesLocally(TestNG.java:1137)
at org.testng.TestNG.runSuites(TestNG.java:1049)
at org.testng.TestNG.run(TestNG.java:1017)
at org.testng.remote.AbstractRemoteTestNG.run(AbstractRemoteTestNG.java:132)
at org.testng.remote.RemoteTestNG.initAndRun(RemoteTestNG.java:230)
at org.testng.remote.RemoteTestNG.main(RemoteTestNG.java:76)
]]>
            </full-stacktrace>
          </exception> <!-- java.lang.NullPointerException -->
          <reporter-output>
          </reporter-output>
        </test-method> <!-- product -->
        <test-method status="PASS" signature="endTime()[pri:0, instance:org.domain.DomainMainclass@17cd7a0]" name="endTime" is-config="true" duration-ms="3" started-at="2020-05-05T10:30:22Z" finished-at="2020-05-05T10:30:22Z">
          <reporter-output>
          </reporter-output>
        </test-method> <!-- endTime -->
        <test-method status="PASS" signature="quitBrowser()[pri:0, instance:org.domain.DomainMainclass@17cd7a0]" name="quitBrowser" is-config="true" duration-ms="1009" started-at="2020-05-05T10:30:22Z" finished-at="2020-05-05T10:30:23Z">
          <reporter-output>
          </reporter-output>
        </test-method> <!-- quitBrowser -->
      </class> <!-- org.domain.DomainMainclass -->
    </test> <!-- Default test -->
  </suite> <!-- Default suite -->
</testng-results>
